{"timestamp": "2026-04-14 09:47:19", "type": "error", "provider": "click", "error_type": "callback_exception", "message": "415 Unsupported Media Type: Did not attempt to load JSON data because the request Content-Type was not 'application/json'.", "order_id": "", "request": {}}
{"timestamp": "2026-04-14 09:50:41", "type": "error", "provider": "click", "error_type": "callback_exception", "message": "415 Unsupported Media Type: Did not attempt to load JSON data because the request Content-Type was not 'application/json'.", "order_id": "", "request": {}}
{"timestamp": "2026-04-14 09:58:20", "type": "error", "provider": "click", "error_type": "unknown_action", "message": "Unknown action: -1", "order_id": "", "request": {}}
{"timestamp": "2026-04-14 09:58:20", "type": "error", "provider": "click", "error_type": "signature_invalid", "message": "Expected: e3cdb104ffc430c0b73d8f1b795c299e, Got: ", "order_id": "fake_order", "request": {"action": "1", "click_trans_id": "12345", "merchant_trans_id": "fake_order", "amount": "80000"}}
{"timestamp": "2026-04-16 11:39:40", "type": "error", "provider": "click", "error_type": "invalid_action", "message": "Action qiymati noto'g'ri: abc", "order_id": "", "request": {"action": "abc", "click_trans_id": "1"}}
{"timestamp": "2026-04-16 11:39:40", "type": "error", "provider": "click", "error_type": "already_paid", "message": "Order allaqachon to'langan: order_001", "order_id": "order_001", "request": {}}
{"timestamp": "2026-04-16 11:39:40", "type": "error", "provider": "click", "error_type": "amount_mismatch", "message": "Summa mos emas: expected=80000.0, got=50000.0", "order_id": "order_001", "request": {"action": "0", "click_trans_id": "12345", "service_id": "100949", "merchant_trans_id": "order_001", "amount": "50000.00", "sign_string": "***MASKED***", "sign_time": "2026-04-15 10:30:00"}}
{"timestamp": "2026-04-16 11:39:40", "type": "error", "provider": "click", "error_type": "order_not_found", "message": "Order topilmadi: nonexistent", "order_id": "nonexistent", "request": {"action": "0", "click_trans_id": "12345", "service_id": "100949", "merchant_trans_id": "nonexistent", "amount": "80000.00", "sign_string": "***MASKED***", "sign_time": "2026-04-15 10:30:00"}}
{"timestamp": "2026-04-16 11:39:40", "type": "error", "provider": "click", "error_type": "unknown_action", "message": "Noma'lum action: 5", "order_id": "", "request": {"action": "5", "click_trans_id": "1", "merchant_trans_id": ""}}
{"timestamp": "2026-04-16 11:39:40", "type": "error", "provider": "click", "error_type": "missing_sign_params", "message": "Signature tekshirish uchun kerakli parametrlar yo'q", "order_id": "order_001", "request": {"click_trans_id": "12345", "service_id": "100949", "merchant_trans_id": "order_001", "amount": "80000.00", "action": "0", "sign_time": "2026-04-15 10:30:00", "sign_string": "***MASKED***"}}
{"timestamp": "2026-04-16 11:39:40", "type": "error", "provider": "click", "error_type": "missing_sign_params", "message": "Signature tekshirish uchun kerakli parametrlar yo'q", "order_id": "", "request": {"sign_string": "***MASKED***"}}
{"timestamp": "2026-04-16 11:39:40", "type": "error", "provider": "click", "error_type": "signature_mismatch", "message": "Computed=6d9b8f8b22a08077d150676d7100c36d, Received=wrong_hash_value", "order_id": "order_001", "request": {"click_trans_id": "12345", "service_id": "100949", "merchant_trans_id": "order_001", "amount": "80000.00", "action": "0", "sign_time": "2026-04-15 10:30:00", "sign_string": "***MASKED***"}}
{"timestamp": "2026-04-16 11:39:40", "type": "error", "provider": "payme", "error_type": "auth_failed", "message": "Auth tekshiruvi muvaffaqiyatsiz. Method: CheckPerformTransaction", "order_id": "", "request": {"id": 1, "method": "CheckPerformTransaction", "params": {}}}
{"timestamp": "2026-04-16 11:39:40", "type": "error", "provider": "payme", "error_type": "amount_mismatch", "message": "Expected=8000000, Got=5000000", "order_id": "order_001", "request": {}}
{"timestamp": "2026-04-16 11:39:40", "type": "error", "provider": "payme", "error_type": "method_not_found", "message": "Noma'lum method: UnknownMethod", "order_id": "", "request": {"id": 1, "method": "UnknownMethod", "params": {}}}
{"timestamp": "2026-04-16 11:40:30", "type": "error", "provider": "payme", "error_type": "auth_failed", "message": "Auth tekshiruvi muvaffaqiyatsiz. Method: CheckPerformTransaction", "order_id": "", "request": {"id": 1, "method": "CheckPerformTransaction", "params": {}}}
{"timestamp": "2026-04-16 11:40:30", "type": "error", "provider": "payme", "error_type": "auth_failed", "message": "Auth tekshiruvi muvaffaqiyatsiz. Method: CheckPerformTransaction", "order_id": "", "request": {"id": 1, "method": "CheckPerformTransaction", "params": {}}}
{"timestamp": "2026-04-16 11:40:30", "type": "error", "provider": "payme", "error_type": "method_exception", "message": "Method=CheckTransaction: int() argument must be a string, a bytes-like object or a real number, not 'NoneType'", "order_id": "", "request": {"id": 10, "method": "CheckTransaction", "params": {"id": "test_trans_001"}}}
{"timestamp": "2026-04-16 11:42:34", "type": "error", "provider": "payme", "error_type": "auth_failed", "message": "Auth tekshiruvi muvaffaqiyatsiz. Method: CheckPerformTransaction", "order_id": "", "request": {"id": 1, "method": "CheckPerformTransaction", "params": {"amount": 8000000, "account": {"order_id": "1776321754_1aad"}}}}
{"timestamp": "2026-04-16 11:42:34", "type": "error", "provider": "payme", "error_type": "auth_failed", "message": "Auth tekshiruvi muvaffaqiyatsiz. Method: CreateTransaction", "order_id": "", "request": {"id": 2, "method": "CreateTransaction", "params": {"id": "final_001", "time": 1713024100000, "amount": 8000000, "account": {"order_id": "1776321754_1aad"}}}}
{"timestamp": "2026-04-16 11:42:34", "type": "error", "provider": "payme", "error_type": "auth_failed", "message": "Auth tekshiruvi muvaffaqiyatsiz. Method: PerformTransaction", "order_id": "", "request": {"id": 3, "method": "PerformTransaction", "params": {"id": "final_001"}}}
{"timestamp": "2026-04-16 11:42:34", "type": "error", "provider": "payme", "error_type": "auth_failed", "message": "Auth tekshiruvi muvaffaqiyatsiz. Method: CheckTransaction", "order_id": "", "request": {"id": 4, "method": "CheckTransaction", "params": {"id": "final_001"}}}
{"timestamp": "2026-04-16 11:43:07", "type": "error", "provider": "payme", "error_type": "auth_failed", "message": "Auth tekshiruvi muvaffaqiyatsiz. Method: CheckPerformTransaction", "order_id": "", "request": {"id": 99, "method": "CheckPerformTransaction", "params": {}}}
{"timestamp": "2026-04-16 11:43:07", "type": "error", "provider": "payme", "error_type": "auth_failed", "message": "Auth tekshiruvi muvaffaqiyatsiz. Method: CheckPerformTransaction", "order_id": "", "request": {"id": 99, "method": "CheckPerformTransaction", "params": {}}}
{"timestamp": "2026-04-16 11:44:46", "type": "error", "provider": "click", "error_type": "invalid_action", "message": "Action qiymati noto'g'ri: abc", "order_id": "", "request": {"action": "abc", "click_trans_id": "1"}}
{"timestamp": "2026-04-16 11:44:46", "type": "error", "provider": "click", "error_type": "already_paid", "message": "Order allaqachon to'langan: order_001", "order_id": "order_001", "request": {}}
{"timestamp": "2026-04-16 11:44:46", "type": "error", "provider": "click", "error_type": "amount_mismatch", "message": "Summa mos emas: expected=80000.0, got=50000.0", "order_id": "order_001", "request": {"action": "0", "click_trans_id": "12345", "service_id": "100949", "merchant_trans_id": "order_001", "amount": "50000.00", "sign_string": "***MASKED***", "sign_time": "2026-04-15 10:30:00"}}
{"timestamp": "2026-04-16 11:44:46", "type": "error", "provider": "click", "error_type": "order_not_found", "message": "Order topilmadi: nonexistent", "order_id": "nonexistent", "request": {"action": "0", "click_trans_id": "12345", "service_id": "100949", "merchant_trans_id": "nonexistent", "amount": "80000.00", "sign_string": "***MASKED***", "sign_time": "2026-04-15 10:30:00"}}
{"timestamp": "2026-04-16 11:44:46", "type": "error", "provider": "click", "error_type": "unknown_action", "message": "Noma'lum action: 5", "order_id": "", "request": {"action": "5", "click_trans_id": "1", "merchant_trans_id": ""}}
{"timestamp": "2026-04-16 11:44:46", "type": "error", "provider": "click", "error_type": "missing_sign_params", "message": "Signature tekshirish uchun kerakli parametrlar yo'q", "order_id": "order_001", "request": {"click_trans_id": "12345", "service_id": "100949", "merchant_trans_id": "order_001", "amount": "80000.00", "action": "0", "sign_time": "2026-04-15 10:30:00", "sign_string": "***MASKED***"}}
{"timestamp": "2026-04-16 11:44:46", "type": "error", "provider": "click", "error_type": "missing_sign_params", "message": "Signature tekshirish uchun kerakli parametrlar yo'q", "order_id": "", "request": {"sign_string": "***MASKED***"}}
{"timestamp": "2026-04-16 11:44:46", "type": "error", "provider": "click", "error_type": "signature_mismatch", "message": "Computed=6d9b8f8b22a08077d150676d7100c36d, Received=wrong_hash_value", "order_id": "order_001", "request": {"click_trans_id": "12345", "service_id": "100949", "merchant_trans_id": "order_001", "amount": "80000.00", "action": "0", "sign_time": "2026-04-15 10:30:00", "sign_string": "***MASKED***"}}
{"timestamp": "2026-04-16 11:44:46", "type": "error", "provider": "payme", "error_type": "auth_failed", "message": "Auth tekshiruvi muvaffaqiyatsiz. Method: CheckPerformTransaction", "order_id": "", "request": {"id": 1, "method": "CheckPerformTransaction", "params": {}}}
{"timestamp": "2026-04-16 11:44:46", "type": "error", "provider": "payme", "error_type": "amount_mismatch", "message": "Expected=8000000, Got=5000000", "order_id": "order_001", "request": {}}
{"timestamp": "2026-04-16 11:44:46", "type": "error", "provider": "payme", "error_type": "method_not_found", "message": "Noma'lum method: UnknownMethod", "order_id": "", "request": {"id": 1, "method": "UnknownMethod", "params": {}}}
{"timestamp": "2026-04-16 11:45:35", "type": "error", "provider": "payme", "error_type": "auth_failed", "message": "Auth tekshiruvi muvaffaqiyatsiz. Method: CheckPerformTransaction", "order_id": "", "request": {"id": 99, "method": "CheckPerformTransaction", "params": {}}}
{"timestamp": "2026-04-16 11:45:35", "type": "error", "provider": "payme", "error_type": "auth_failed", "message": "Auth tekshiruvi muvaffaqiyatsiz. Method: CheckPerformTransaction", "order_id": "", "request": {"id": 99, "method": "CheckPerformTransaction", "params": {}}}
